#
# There is insufficient memory for the Java Runtime Environment to continue.
# Native memory allocation (malloc) failed to allocate 120576 bytes for Chunk::new
# Possible reasons:
#   The system is out of physical RAM or swap space
#   The process is running with CompressedOops enabled, and the Java Heap may be blocking the growth of the native heap
# Possible solutions:
#   Reduce memory load on the system
#   Increase physical memory or swap space
#   Check if swap backing store is full
#   Decrease Java heap size (-Xmx/-Xms)
#   Decrease number of Java threads
#   Decrease Java thread stack sizes (-Xss)
#   Set larger code cache with -XX:ReservedCodeCacheSize=
#   JVM is running with Unscaled Compressed Oops mode in which the Java heap is
#     placed in the first 4GB address space. The Java Heap base address is the
#     maximum limit for the native heap growth. Please use -XX:HeapBaseMinAddress
#     to set the Java Heap base and to place the Java Heap above 4GB virtual address.
# This output file may be truncated or incomplete.
#
#  Out of Memory Error (arena.cpp:184), pid=12988, tid=3948
#
# JRE version: OpenJDK Runtime Environment Temurin-19.0.2+7 (19.0.2+7) (build 19.0.2+7)
# Java VM: OpenJDK 64-Bit Server VM Temurin-19.0.2+7 (19.0.2+7, mixed mode, sharing, tiered, compressed oops, compressed class ptrs, g1 gc, windows-amd64)
# No core dump will be written. Minidumps are not enabled by default on client versions of Windows
#

---------------  S U M M A R Y ------------

Command Line: -javaagent:C:\Program Files\JetBrains\IntelliJ IDEA Community Edition 2023.2.3\lib\idea_rt.jar=63697:C:\Program Files\JetBrains\IntelliJ IDEA Community Edition 2023.2.3\bin -Dfile.encoding=UTF-8 -Dsun.stdout.encoding=UTF-8 -Dsun.stderr.encoding=UTF-8 com.highman.GameManagementServiceServer

Host: 11th Gen Intel(R) Core(TM) i5-11320H @ 3.20GHz, 8 cores, 7G,  Windows 11 , 64 bit Build 22621 (10.0.22621.3958)
Time: Sat Sep  7 17:54:03 2024 SE Asia Standard Time elapsed time: 0.387425 seconds (0d 0h 0m 0s)

---------------  T H R E A D  ---------------

Current thread (0x000002135ae0a930):  JavaThread "C2 CompilerThread1" daemon [_thread_in_native, id=3948, stack(0x000000ed4c500000,0x000000ed4c600000)]


Current CompileTask:
C2:    387  586       4       java.lang.StringLatin1::replace (198 bytes)

Stack: [0x000000ed4c500000,0x000000ed4c600000]
Native frames: (J=compiled Java code, j=interpreted, Vv=VM code, C=native code)
V  [jvm.dll+0x6e9e1a]
V  [jvm.dll+0x8a36c0]
V  [jvm.dll+0x8a50ae]
V  [jvm.dll+0x8a5763]
V  [jvm.dll+0x27bcdf]
V  [jvm.dll+0xc221f]
V  [jvm.dll+0xc2595]
V  [jvm.dll+0x3b7d9b]
V  [jvm.dll+0x3815f1]
V  [jvm.dll+0x380a9a]
V  [jvm.dll+0x2452db]
V  [jvm.dll+0x244671]
V  [jvm.dll+0x1cf4b1]
V  [jvm.dll+0x254229]
V  [jvm.dll+0x252418]
V  [jvm.dll+0x85403d]
V  [jvm.dll+0x84de3a]
V  [jvm.dll+0x6e8abb]
C  [ucrtbase.dll+0x29333]
C  [KERNEL32.DLL+0x1257d]
C  [ntdll.dll+0x5af28]


---------------  P R O C E S S  ---------------

Threads class SMR info:
_java_thread_list=0x000002135ae0f230, length=14, elements={
0x0000021338001330, 0x00000213568d4c60, 0x00000213568d59f0, 0x00000213568d8be0,
0x00000213568da610, 0x00000213568db1d0, 0x00000213568dbbf0, 0x00000213568dc940,
0x00000213568fd320, 0x00000213569098c0, 0x00000213568a7740, 0x000002135ae0a930,
0x000002135aef19f0, 0x000002135aff1e80
}

Java Threads: ( => current thread )
  0x0000021338001330 JavaThread "main" [_thread_in_vm, id=6852, stack(0x000000ed4b400000,0x000000ed4b500000)]
  0x00000213568d4c60 JavaThread "Reference Handler" daemon [_thread_blocked, id=300, stack(0x000000ed4bb00000,0x000000ed4bc00000)]
  0x00000213568d59f0 JavaThread "Finalizer" daemon [_thread_blocked, id=11968, stack(0x000000ed4bc00000,0x000000ed4bd00000)]
  0x00000213568d8be0 JavaThread "Signal Dispatcher" daemon [_thread_blocked, id=5360, stack(0x000000ed4bd00000,0x000000ed4be00000)]
  0x00000213568da610 JavaThread "Attach Listener" daemon [_thread_blocked, id=17616, stack(0x000000ed4be00000,0x000000ed4bf00000)]
  0x00000213568db1d0 JavaThread "Service Thread" daemon [_thread_blocked, id=1952, stack(0x000000ed4bf00000,0x000000ed4c000000)]
  0x00000213568dbbf0 JavaThread "Monitor Deflation Thread" daemon [_thread_blocked, id=5396, stack(0x000000ed4c000000,0x000000ed4c100000)]
  0x00000213568dc940 JavaThread "C2 CompilerThread0" daemon [_thread_in_native, id=688, stack(0x000000ed4c100000,0x000000ed4c200000)]
  0x00000213568fd320 JavaThread "C1 CompilerThread0" daemon [_thread_in_native, id=8564, stack(0x000000ed4c200000,0x000000ed4c300000)]
  0x00000213569098c0 JavaThread "Sweeper thread" daemon [_thread_blocked, id=13432, stack(0x000000ed4c300000,0x000000ed4c400000)]
  0x00000213568a7740 JavaThread "Common-Cleaner" daemon [_thread_blocked, id=15268, stack(0x000000ed4c400000,0x000000ed4c500000)]
=>0x000002135ae0a930 JavaThread "C2 CompilerThread1" daemon [_thread_in_native, id=3948, stack(0x000000ed4c500000,0x000000ed4c600000)]
  0x000002135aef19f0 JavaThread "Monitor Ctrl-Break" daemon [_thread_in_native, id=16444, stack(0x000000ed4c600000,0x000000ed4c700000)]
  0x000002135aff1e80 JavaThread "Notification Thread" daemon [_thread_blocked, id=6640, stack(0x000000ed4c700000,0x000000ed4c800000)]

Other Threads:
  0x00000213568bbaf0 VMThread "VM Thread" [stack: 0x000000ed4ba00000,0x000000ed4bb00000] [id=1816]
  0x000002135aef1f30 WatcherThread "VM Periodic Task Thread" [stack: 0x000000ed4c800000,0x000000ed4c900000] [id=5408]
  0x000002133805a200 WorkerThread "GC Thread#0" [stack: 0x000000ed4b500000,0x000000ed4b600000] [id=19336]
  0x000002133806aa10 ConcurrentGCThread "G1 Main Marker" [stack: 0x000000ed4b600000,0x000000ed4b700000] [id=14416]
  0x000002133806b350 WorkerThread "G1 Conc#0" [stack: 0x000000ed4b700000,0x000000ed4b800000] [id=19232]
  0x00000213380ae590 ConcurrentGCThread "G1 Refine#0" [stack: 0x000000ed4b800000,0x000000ed4b900000] [id=16608]
  0x0000021356776180 ConcurrentGCThread "G1 Service" [stack: 0x000000ed4b900000,0x000000ed4ba00000] [id=3828]

Threads with active compile tasks:
C2 CompilerThread0      402  626       4       java.util.HashMap::putVal (300 bytes)
C1 CompilerThread0      402  640   !   3       java.util.concurrent.ConcurrentHashMap::computeIfAbsent (576 bytes)
C2 CompilerThread1      402  586       4       java.lang.StringLatin1::replace (198 bytes)

VM state: not at safepoint (normal execution)

VM Mutex/Monitor currently owned by a thread: None

Heap address: 0x0000000084000000, size: 1984 MB, Compressed Oops mode: 32-bit

CDS archive(s) mapped at: [0x0000000800000000-0x0000000800c40000-0x0000000800c40000), size 12845056, SharedBaseAddress: 0x0000000800000000, ArchiveRelocationMode: 0.
Compressed class space mapped at: 0x0000000801000000-0x0000000841000000, reserved size: 1073741824
Narrow klass base: 0x0000000800000000, Narrow klass shift: 0, Narrow klass range: 0x100000000

GC Precious Log:
 CardTable entry size: 512
 Card Set container configuration: InlinePtr #cards 5 size 8 Array Of Cards #cards 12 size 40 Howl #buckets 4 coarsen threshold 1843 Howl Bitmap #cards 512 size 80 coarsen threshold 460 Card regions per heap region 1 cards per card region 2048
 CPUs: 8 total, 8 available
 Memory: 7930M
 Large Page Support: Disabled
 NUMA Support: Disabled
 Compressed Oops: Enabled (32-bit)
 Heap Region Size: 1M
 Heap Min Capacity: 8M
 Heap Initial Capacity: 124M
 Heap Max Capacity: 1984M
 Pre-touch: Disabled
 Parallel Workers: 8
 Concurrent Workers: 2
 Concurrent Refinement Workers: 8
 Periodic GC: Disabled

Heap:
 garbage-first heap   total 126976K, used 8192K [0x0000000084000000, 0x0000000100000000)
  region size 1024K, 10 young (10240K), 0 survivors (0K)
 Metaspace       used 2738K, committed 2816K, reserved 1114112K
  class space    used 282K, committed 320K, reserved 1048576K

Heap Regions: E=young(eden), S=young(survivor), O=old, HS=humongous(starts), HC=humongous(continues), CS=collection set, F=free, OA=open archive, CA=closed archive, TAMS=top-at-mark-start (previous, next)
|   0|0x0000000084000000, 0x0000000084000000, 0x0000000084100000|  0%| F|  |TAMS 0x0000000084000000, 0x0000000084000000| Untracked 
|   1|0x0000000084100000, 0x0000000084100000, 0x0000000084200000|  0%| F|  |TAMS 0x0000000084100000, 0x0000000084100000| Untracked 
|   2|0x0000000084200000, 0x0000000084200000, 0x0000000084300000|  0%| F|  |TAMS 0x0000000084200000, 0x0000000084200000| Untracked 
|   3|0x0000000084300000, 0x0000000084300000, 0x0000000084400000|  0%| F|  |TAMS 0x0000000084300000, 0x0000000084300000| Untracked 
|   4|0x0000000084400000, 0x0000000084400000, 0x0000000084500000|  0%| F|  |TAMS 0x0000000084400000, 0x0000000084400000| Untracked 
|   5|0x0000000084500000, 0x0000000084500000, 0x0000000084600000|  0%| F|  |TAMS 0x0000000084500000, 0x0000000084500000| Untracked 
|   6|0x0000000084600000, 0x0000000084600000, 0x0000000084700000|  0%| F|  |TAMS 0x0000000084600000, 0x0000000084600000| Untracked 
|   7|0x0000000084700000, 0x0000000084700000, 0x0000000084800000|  0%| F|  |TAMS 0x0000000084700000, 0x0000000084700000| Untracked 
|   8|0x0000000084800000, 0x0000000084800000, 0x0000000084900000|  0%| F|  |TAMS 0x0000000084800000, 0x0000000084800000| Untracked 
|   9|0x0000000084900000, 0x0000000084900000, 0x0000000084a00000|  0%| F|  |TAMS 0x0000000084900000, 0x0000000084900000| Untracked 
|  10|0x0000000084a00000, 0x0000000084a00000, 0x0000000084b00000|  0%| F|  |TAMS 0x0000000084a00000, 0x0000000084a00000| Untracked 
|  11|0x0000000084b00000, 0x0000000084b00000, 0x0000000084c00000|  0%| F|  |TAMS 0x0000000084b00000, 0x0000000084b00000| Untracked 
|  12|0x0000000084c00000, 0x0000000084c00000, 0x0000000084d00000|  0%| F|  |TAMS 0x0000000084c00000, 0x0000000084c00000| Untracked 
|  13|0x0000000084d00000, 0x0000000084d00000, 0x0000000084e00000|  0%| F|  |TAMS 0x0000000084d00000, 0x0000000084d00000| Untracked 
|  14|0x0000000084e00000, 0x0000000084e00000, 0x0000000084f00000|  0%| F|  |TAMS 0x0000000084e00000, 0x0000000084e00000| Untracked 
|  15|0x0000000084f00000, 0x0000000084f00000, 0x0000000085000000|  0%| F|  |TAMS 0x0000000084f00000, 0x0000000084f00000| Untracked 
|  16|0x0000000085000000, 0x0000000085000000, 0x0000000085100000|  0%| F|  |TAMS 0x0000000085000000, 0x0000000085000000| Untracked 
|  17|0x0000000085100000, 0x0000000085100000, 0x0000000085200000|  0%| F|  |TAMS 0x0000000085100000, 0x0000000085100000| Untracked 
|  18|0x0000000085200000, 0x0000000085200000, 0x0000000085300000|  0%| F|  |TAMS 0x0000000085200000, 0x0000000085200000| Untracked 
|  19|0x0000000085300000, 0x0000000085300000, 0x0000000085400000|  0%| F|  |TAMS 0x0000000085300000, 0x0000000085300000| Untracked 
|  20|0x0000000085400000, 0x0000000085400000, 0x0000000085500000|  0%| F|  |TAMS 0x0000000085400000, 0x0000000085400000| Untracked 
|  21|0x0000000085500000, 0x0000000085500000, 0x0000000085600000|  0%| F|  |TAMS 0x0000000085500000, 0x0000000085500000| Untracked 
|  22|0x0000000085600000, 0x0000000085600000, 0x0000000085700000|  0%| F|  |TAMS 0x0000000085600000, 0x0000000085600000| Untracked 
|  23|0x0000000085700000, 0x0000000085700000, 0x0000000085800000|  0%| F|  |TAMS 0x0000000085700000, 0x0000000085700000| Untracked 
|  24|0x0000000085800000, 0x0000000085800000, 0x0000000085900000|  0%| F|  |TAMS 0x0000000085800000, 0x0000000085800000| Untracked 
|  25|0x0000000085900000, 0x0000000085900000, 0x0000000085a00000|  0%| F|  |TAMS 0x0000000085900000, 0x0000000085900000| Untracked 
|  26|0x0000000085a00000, 0x0000000085a00000, 0x0000000085b00000|  0%| F|  |TAMS 0x0000000085a00000, 0x0000000085a00000| Untracked 
|  27|0x0000000085b00000, 0x0000000085b00000, 0x0000000085c00000|  0%| F|  |TAMS 0x0000000085b00000, 0x0000000085b00000| Untracked 
|  28|0x0000000085c00000, 0x0000000085c00000, 0x0000000085d00000|  0%| F|  |TAMS 0x0000000085c00000, 0x0000000085c00000| Untracked 
|  29|0x0000000085d00000, 0x0000000085d00000, 0x0000000085e00000|  0%| F|  |TAMS 0x0000000085d00000, 0x0000000085d00000| Untracked 
|  30|0x0000000085e00000, 0x0000000085e00000, 0x0000000085f00000|  0%| F|  |TAMS 0x0000000085e00000, 0x0000000085e00000| Untracked 
|  31|0x0000000085f00000, 0x0000000085f00000, 0x0000000086000000|  0%| F|  |TAMS 0x0000000085f00000, 0x0000000085f00000| Untracked 
|  32|0x0000000086000000, 0x0000000086000000, 0x0000000086100000|  0%| F|  |TAMS 0x0000000086000000, 0x0000000086000000| Untracked 
|  33|0x0000000086100000, 0x0000000086100000, 0x0000000086200000|  0%| F|  |TAMS 0x0000000086100000, 0x0000000086100000| Untracked 
|  34|0x0000000086200000, 0x0000000086200000, 0x0000000086300000|  0%| F|  |TAMS 0x0000000086200000, 0x0000000086200000| Untracked 
|  35|0x0000000086300000, 0x0000000086300000, 0x0000000086400000|  0%| F|  |TAMS 0x0000000086300000, 0x0000000086300000| Untracked 
|  36|0x0000000086400000, 0x0000000086400000, 0x0000000086500000|  0%| F|  |TAMS 0x0000000086400000, 0x0000000086400000| Untracked 
|  37|0x0000000086500000, 0x0000000086500000, 0x0000000086600000|  0%| F|  |TAMS 0x0000000086500000, 0x0000000086500000| Untracked 
|  38|0x0000000086600000, 0x0000000086600000, 0x0000000086700000|  0%| F|  |TAMS 0x0000000086600000, 0x0000000086600000| Untracked 
|  39|0x0000000086700000, 0x0000000086700000, 0x0000000086800000|  0%| F|  |TAMS 0x0000000086700000, 0x0000000086700000| Untracked 
|  40|0x0000000086800000, 0x0000000086800000, 0x0000000086900000|  0%| F|  |TAMS 0x0000000086800000, 0x0000000086800000| Untracked 
|  41|0x0000000086900000, 0x0000000086900000, 0x0000000086a00000|  0%| F|  |TAMS 0x0000000086900000, 0x0000000086900000| Untracked 
|  42|0x0000000086a00000, 0x0000000086a00000, 0x0000000086b00000|  0%| F|  |TAMS 0x0000000086a00000, 0x0000000086a00000| Untracked 
|  43|0x0000000086b00000, 0x0000000086b00000, 0x0000000086c00000|  0%| F|  |TAMS 0x0000000086b00000, 0x0000000086b00000| Untracked 
|  44|0x0000000086c00000, 0x0000000086c00000, 0x0000000086d00000|  0%| F|  |TAMS 0x0000000086c00000, 0x0000000086c00000| Untracked 
|  45|0x0000000086d00000, 0x0000000086d00000, 0x0000000086e00000|  0%| F|  |TAMS 0x0000000086d00000, 0x0000000086d00000| Untracked 
|  46|0x0000000086e00000, 0x0000000086e00000, 0x0000000086f00000|  0%| F|  |TAMS 0x0000000086e00000, 0x0000000086e00000| Untracked 
|  47|0x0000000086f00000, 0x0000000086f00000, 0x0000000087000000|  0%| F|  |TAMS 0x0000000086f00000, 0x0000000086f00000| Untracked 
|  48|0x0000000087000000, 0x0000000087000000, 0x0000000087100000|  0%| F|  |TAMS 0x0000000087000000, 0x0000000087000000| Untracked 
|  49|0x0000000087100000, 0x0000000087100000, 0x0000000087200000|  0%| F|  |TAMS 0x0000000087100000, 0x0000000087100000| Untracked 
|  50|0x0000000087200000, 0x0000000087200000, 0x0000000087300000|  0%| F|  |TAMS 0x0000000087200000, 0x0000000087200000| Untracked 
|  51|0x0000000087300000, 0x0000000087300000, 0x0000000087400000|  0%| F|  |TAMS 0x0000000087300000, 0x0000000087300000| Untracked 
|  52|0x0000000087400000, 0x0000000087400000, 0x0000000087500000|  0%| F|  |TAMS 0x0000000087400000, 0x0000000087400000| Untracked 
|  53|0x0000000087500000, 0x0000000087500000, 0x0000000087600000|  0%| F|  |TAMS 0x0000000087500000, 0x0000000087500000| Untracked 
|  54|0x0000000087600000, 0x0000000087600000, 0x0000000087700000|  0%| F|  |TAMS 0x0000000087600000, 0x0000000087600000| Untracked 
|  55|0x0000000087700000, 0x0000000087700000, 0x0000000087800000|  0%| F|  |TAMS 0x0000000087700000, 0x0000000087700000| Untracked 
|  56|0x0000000087800000, 0x0000000087800000, 0x0000000087900000|  0%| F|  |TAMS 0x0000000087800000, 0x0000000087800000| Untracked 
|  57|0x0000000087900000, 0x0000000087900000, 0x0000000087a00000|  0%| F|  |TAMS 0x0000000087900000, 0x0000000087900000| Untracked 
|  58|0x0000000087a00000, 0x0000000087a00000, 0x0000000087b00000|  0%| F|  |TAMS 0x0000000087a00000, 0x0000000087a00000| Untracked 
|  59|0x0000000087b00000, 0x0000000087b00000, 0x0000000087c00000|  0%| F|  |TAMS 0x0000000087b00000, 0x0000000087b00000| Untracked 
|  60|0x0000000087c00000, 0x0000000087c00000, 0x0000000087d00000|  0%| F|  |TAMS 0x0000000087c00000, 0x0000000087c00000| Untracked 
|  61|0x0000000087d00000, 0x0000000087d00000, 0x0000000087e00000|  0%| F|  |TAMS 0x0000000087d00000, 0x0000000087d00000| Untracked 
|  62|0x0000000087e00000, 0x0000000087e00000, 0x0000000087f00000|  0%| F|  |TAMS 0x0000000087e00000, 0x0000000087e00000| Untracked 
|  63|0x0000000087f00000, 0x0000000087f00000, 0x0000000088000000|  0%| F|  |TAMS 0x0000000087f00000, 0x0000000087f00000| Untracked 
|  64|0x0000000088000000, 0x0000000088000000, 0x0000000088100000|  0%| F|  |TAMS 0x0000000088000000, 0x0000000088000000| Untracked 
|  65|0x0000000088100000, 0x0000000088100000, 0x0000000088200000|  0%| F|  |TAMS 0x0000000088100000, 0x0000000088100000| Untracked 
|  66|0x0000000088200000, 0x0000000088200000, 0x0000000088300000|  0%| F|  |TAMS 0x0000000088200000, 0x0000000088200000| Untracked 
|  67|0x0000000088300000, 0x0000000088300000, 0x0000000088400000|  0%| F|  |TAMS 0x0000000088300000, 0x0000000088300000| Untracked 
|  68|0x0000000088400000, 0x0000000088400000, 0x0000000088500000|  0%| F|  |TAMS 0x0000000088400000, 0x0000000088400000| Untracked 
|  69|0x0000000088500000, 0x0000000088500000, 0x0000000088600000|  0%| F|  |TAMS 0x0000000088500000, 0x0000000088500000| Untracked 
|  70|0x0000000088600000, 0x0000000088600000, 0x0000000088700000|  0%| F|  |TAMS 0x0000000088600000, 0x0000000088600000| Untracked 
|  71|0x0000000088700000, 0x0000000088700000, 0x0000000088800000|  0%| F|  |TAMS 0x0000000088700000, 0x0000000088700000| Untracked 
|  72|0x0000000088800000, 0x0000000088800000, 0x0000000088900000|  0%| F|  |TAMS 0x0000000088800000, 0x0000000088800000| Untracked 
|  73|0x0000000088900000, 0x0000000088900000, 0x0000000088a00000|  0%| F|  |TAMS 0x0000000088900000, 0x0000000088900000| Untracked 
|  74|0x0000000088a00000, 0x0000000088a00000, 0x0000000088b00000|  0%| F|  |TAMS 0x0000000088a00000, 0x0000000088a00000| Untracked 
|  75|0x0000000088b00000, 0x0000000088b00000, 0x0000000088c00000|  0%| F|  |TAMS 0x0000000088b00000, 0x0000000088b00000| Untracked 
|  76|0x0000000088c00000, 0x0000000088c00000, 0x0000000088d00000|  0%| F|  |TAMS 0x0000000088c00000, 0x0000000088c00000| Untracked 
|  77|0x0000000088d00000, 0x0000000088d00000, 0x0000000088e00000|  0%| F|  |TAMS 0x0000000088d00000, 0x0000000088d00000| Untracked 
|  78|0x0000000088e00000, 0x0000000088e00000, 0x0000000088f00000|  0%| F|  |TAMS 0x0000000088e00000, 0x0000000088e00000| Untracked 
|  79|0x0000000088f00000, 0x0000000088f00000, 0x0000000089000000|  0%| F|  |TAMS 0x0000000088f00000, 0x0000000088f00000| Untracked 
|  80|0x0000000089000000, 0x0000000089000000, 0x0000000089100000|  0%| F|  |TAMS 0x0000000089000000, 0x0000000089000000| Untracked 
|  81|0x0000000089100000, 0x0000000089100000, 0x0000000089200000|  0%| F|  |TAMS 0x0000000089100000, 0x0000000089100000| Untracked 
|  82|0x0000000089200000, 0x0000000089200000, 0x0000000089300000|  0%| F|  |TAMS 0x0000000089200000, 0x0000000089200000| Untracked 
|  83|0x0000000089300000, 0x0000000089300000, 0x0000000089400000|  0%| F|  |TAMS 0x0000000089300000, 0x0000000089300000| Untracked 
|  84|0x0000000089400000, 0x0000000089400000, 0x0000000089500000|  0%| F|  |TAMS 0x0000000089400000, 0x0000000089400000| Untracked 
|  85|0x0000000089500000, 0x0000000089500000, 0x0000000089600000|  0%| F|  |TAMS 0x0000000089500000, 0x0000000089500000| Untracked 
|  86|0x0000000089600000, 0x0000000089600000, 0x0000000089700000|  0%| F|  |TAMS 0x0000000089600000, 0x0000000089600000| Untracked 
|  87|0x0000000089700000, 0x0000000089700000, 0x0000000089800000|  0%| F|  |TAMS 0x0000000089700000, 0x0000000089700000| Untracked 
|  88|0x0000000089800000, 0x0000000089800000, 0x0000000089900000|  0%| F|  |TAMS 0x0000000089800000, 0x0000000089800000| Untracked 
|  89|0x0000000089900000, 0x0000000089900000, 0x0000000089a00000|  0%| F|  |TAMS 0x0000000089900000, 0x0000000089900000| Untracked 
|  90|0x0000000089a00000, 0x0000000089a00000, 0x0000000089b00000|  0%| F|  |TAMS 0x0000000089a00000, 0x0000000089a00000| Untracked 
|  91|0x0000000089b00000, 0x0000000089b00000, 0x0000000089c00000|  0%| F|  |TAMS 0x0000000089b00000, 0x0000000089b00000| Untracked 
|  92|0x0000000089c00000, 0x0000000089c00000, 0x0000000089d00000|  0%| F|  |TAMS 0x0000000089c00000, 0x0000000089c00000| Untracked 
|  93|0x0000000089d00000, 0x0000000089d00000, 0x0000000089e00000|  0%| F|  |TAMS 0x0000000089d00000, 0x0000000089d00000| Untracked 
|  94|0x0000000089e00000, 0x0000000089e00000, 0x0000000089f00000|  0%| F|  |TAMS 0x0000000089e00000, 0x0000000089e00000| Untracked 
|  95|0x0000000089f00000, 0x0000000089f00000, 0x000000008a000000|  0%| F|  |TAMS 0x0000000089f00000, 0x0000000089f00000| Untracked 
|  96|0x000000008a000000, 0x000000008a000000, 0x000000008a100000|  0%| F|  |TAMS 0x000000008a000000, 0x000000008a000000| Untracked 
|  97|0x000000008a100000, 0x000000008a100000, 0x000000008a200000|  0%| F|  |TAMS 0x000000008a100000, 0x000000008a100000| Untracked 
|  98|0x000000008a200000, 0x000000008a200000, 0x000000008a300000|  0%| F|  |TAMS 0x000000008a200000, 0x000000008a200000| Untracked 
|  99|0x000000008a300000, 0x000000008a300000, 0x000000008a400000|  0%| F|  |TAMS 0x000000008a300000, 0x000000008a300000| Untracked 
| 100|0x000000008a400000, 0x000000008a400000, 0x000000008a500000|  0%| F|  |TAMS 0x000000008a400000, 0x000000008a400000| Untracked 
| 101|0x000000008a500000, 0x000000008a500000, 0x000000008a600000|  0%| F|  |TAMS 0x000000008a500000, 0x000000008a500000| Untracked 
| 102|0x000000008a600000, 0x000000008a600000, 0x000000008a700000|  0%| F|  |TAMS 0x000000008a600000, 0x000000008a600000| Untracked 
| 103|0x000000008a700000, 0x000000008a700000, 0x000000008a800000|  0%| F|  |TAMS 0x000000008a700000, 0x000000008a700000| Untracked 
| 104|0x000000008a800000, 0x000000008a800000, 0x000000008a900000|  0%| F|  |TAMS 0x000000008a800000, 0x000000008a800000| Untracked 
| 105|0x000000008a900000, 0x000000008a900000, 0x000000008aa00000|  0%| F|  |TAMS 0x000000008a900000, 0x000000008a900000| Untracked 
| 106|0x000000008aa00000, 0x000000008aa00000, 0x000000008ab00000|  0%| F|  |TAMS 0x000000008aa00000, 0x000000008aa00000| Untracked 
| 107|0x000000008ab00000, 0x000000008ab00000, 0x000000008ac00000|  0%| F|  |TAMS 0x000000008ab00000, 0x000000008ab00000| Untracked 
| 108|0x000000008ac00000, 0x000000008ac00000, 0x000000008ad00000|  0%| F|  |TAMS 0x000000008ac00000, 0x000000008ac00000| Untracked 
| 109|0x000000008ad00000, 0x000000008ad00000, 0x000000008ae00000|  0%| F|  |TAMS 0x000000008ad00000, 0x000000008ad00000| Untracked 
| 110|0x000000008ae00000, 0x000000008ae00000, 0x000000008af00000|  0%| F|  |TAMS 0x000000008ae00000, 0x000000008ae00000| Untracked 
| 111|0x000000008af00000, 0x000000008af00000, 0x000000008b000000|  0%| F|  |TAMS 0x000000008af00000, 0x000000008af00000| Untracked 
| 112|0x000000008b000000, 0x000000008b000000, 0x000000008b100000|  0%| F|  |TAMS 0x000000008b000000, 0x000000008b000000| Untracked 
| 113|0x000000008b100000, 0x000000008b100000, 0x000000008b200000|  0%| F|  |TAMS 0x000000008b100000, 0x000000008b100000| Untracked 
| 114|0x000000008b200000, 0x000000008b2ed778, 0x000000008b300000| 92%| E|  |TAMS 0x000000008b200000, 0x000000008b200000| Complete 
| 115|0x000000008b300000, 0x000000008b400000, 0x000000008b400000|100%| E|CS|TAMS 0x000000008b300000, 0x000000008b300000| Complete 
| 116|0x000000008b400000, 0x000000008b500000, 0x000000008b500000|100%| E|CS|TAMS 0x000000008b400000, 0x000000008b400000| Complete 
| 117|0x000000008b500000, 0x000000008b600000, 0x000000008b600000|100%| E|CS|TAMS 0x000000008b500000, 0x000000008b500000| Complete 
| 118|0x000000008b600000, 0x000000008b700000, 0x000000008b700000|100%| E|CS|TAMS 0x000000008b600000, 0x000000008b600000| Complete 
| 119|0x000000008b700000, 0x000000008b800000, 0x000000008b800000|100%| E|CS|TAMS 0x000000008b700000, 0x000000008b700000| Complete 
| 120|0x000000008b800000, 0x000000008b900000, 0x000000008b900000|100%| E|CS|TAMS 0x000000008b800000, 0x000000008b800000| Complete 
| 121|0x000000008b900000, 0x000000008ba00000, 0x000000008ba00000|100%| E|  |TAMS 0x000000008b900000, 0x000000008b900000| Complete 
| 122|0x000000008ba00000, 0x000000008bb00000, 0x000000008bb00000|100%| E|CS|TAMS 0x000000008ba00000, 0x000000008ba00000| Complete 
| 123|0x000000008bb00000, 0x000000008bc00000, 0x000000008bc00000|100%| E|CS|TAMS 0x000000008bb00000, 0x000000008bb00000| Complete 

Card table byte_map: [0x000002134f8c0000,0x000002134fca0000] _byte_map_base: 0x000002134f4a0000

Marking Bits (Prev, Next): (CMBitMap*) 0x000002133805a740, (CMBitMap*) 0x000002133805a780
 Prev Bits: [0x0000021350080000, 0x0000021351f80000)
 Next Bits: [0x0000021351f80000, 0x0000021353e80000)

Polling page: 0x00000213377b0000

Metaspace:

Usage:
  Non-class:      2.45 MB used.
      Class:    287.63 KB used.
       Both:      2.73 MB used.

Virtual space:
  Non-class space:       64.00 MB reserved,       2.56 MB (  4%) committed,  1 nodes.
      Class space:        1.00 GB reserved,     320.00 KB ( <1%) committed,  1 nodes.
             Both:        1.06 GB reserved,       2.88 MB ( <1%) committed. 

Chunk freelists:
   Non-Class:  2.80 MB
       Class:  3.57 MB
        Both:  6.36 MB

MaxMetaspaceSize: unlimited
CompressedClassSpaceSize: 1.00 GB
Initial GC threshold: 21.00 MB
Current GC threshold: 21.00 MB
CDS: on
MetaspaceReclaimPolicy: balanced
 - commit_granule_bytes: 65536.
 - commit_granule_words: 8192.
 - virtual_space_node_default_size: 8388608.
 - enlarge_chunks_in_place: 1.
 - new_chunks_are_fully_committed: 0.
 - uncommit_free_chunks: 1.
 - use_allocation_guard: 0.


Internal statistics:

num_allocs_failed_limit: 0.
num_arena_births: 34.
num_arena_deaths: 0.
num_vsnodes_births: 2.
num_vsnodes_deaths: 0.
num_space_committed: 46.
num_space_uncommitted: 0.
num_chunks_returned_to_freelist: 0.
num_chunks_taken_from_freelist: 104.
num_chunk_merges: 0.
num_chunk_splits: 68.
num_chunks_enlarged: 52.
num_inconsistent_stats: 0.

CodeHeap 'non-profiled nmethods': size=120000Kb used=193Kb max_used=193Kb free=119806Kb
 bounds [0x0000021347c80000, 0x0000021347ef0000, 0x000002134f1b0000]
CodeHeap 'profiled nmethods': size=120000Kb used=950Kb max_used=950Kb free=119049Kb
 bounds [0x00000213401b0000, 0x0000021340420000, 0x00000213476e0000]
CodeHeap 'non-nmethods': size=5760Kb used=1254Kb max_used=1270Kb free=4505Kb
 bounds [0x00000213476e0000, 0x0000021347950000, 0x0000021347c80000]
 total_blobs=1088 nmethods=642 adapters=357
 compilation: enabled
              stopped_count=0, restarted_count=0
 full_count=0

Compilation events (20 events):
Event: 0.378 Thread 0x00000213568fd320  585       3       jdk.internal.loader.URLClassPath::getResource (74 bytes)
Event: 0.378 Thread 0x000002135ae0a930  586       4       java.lang.StringLatin1::replace (198 bytes)
Event: 0.378 Thread 0x00000213568fd320 nmethod 585 0x0000021340283d10 code [0x0000021340283ee0, 0x0000021340284238]
Event: 0.379 Thread 0x00000213568fd320  587       3       java.lang.ref.SoftReference::get (29 bytes)
Event: 0.379 Thread 0x00000213568fd320 nmethod 587 0x0000021340284390 code [0x0000021340284540, 0x0000021340284718]
Event: 0.380 Thread 0x00000213568fd320  588       3       jdk.internal.org.objectweb.asm.ByteVector::put12 (64 bytes)
Event: 0.380 Thread 0x00000213568fd320 nmethod 588 0x0000021340284790 code [0x0000021340284940, 0x0000021340284b68]
Event: 0.380 Thread 0x00000213568fd320  589       3       java.lang.invoke.LambdaForm::uncustomize (57 bytes)
Event: 0.380 Thread 0x00000213568fd320 nmethod 589 0x0000021340284d10 code [0x0000021340284ee0, 0x0000021340285208]
Event: 0.382 Thread 0x00000213568fd320  590       3       java.lang.invoke.LambdaForm$BasicType::basicType (187 bytes)
Event: 0.382 Thread 0x00000213568fd320 nmethod 590 0x0000021340285310 code [0x00000213402855a0, 0x0000021340286058]
Event: 0.383 Thread 0x00000213568fd320  591       3       java.lang.System$2::findBootstrapClassOrNull (5 bytes)
Event: 0.383 Thread 0x00000213568fd320 nmethod 591 0x0000021340286310 code [0x00000213402864e0, 0x00000213402866f8]
Event: 0.383 Thread 0x00000213568fd320  592       3       java.lang.ClassLoader::findBootstrapClassOrNull (14 bytes)
Event: 0.383 Thread 0x00000213568fd320 nmethod 592 0x0000021340286810 code [0x00000213402869c0, 0x0000021340286b78]
Event: 0.385 Thread 0x00000213568fd320  593       3       sun.net.www.ParseUtil::encodePath (41 bytes)
Event: 0.385 Thread 0x00000213568fd320 nmethod 593 0x0000021340286c10 code [0x0000021340286de0, 0x0000021340287048]
Event: 0.385 Thread 0x00000213568fd320  594       3       java.lang.String::indexOf (18 bytes)
Event: 0.385 Thread 0x00000213568fd320 nmethod 594 0x0000021340287110 code [0x00000213402872e0, 0x00000213402875a8]
Event: 0.385 Thread 0x00000213568fd320  595       3       java.lang.String::indexOf (113 bytes)

GC Heap History (0 events):
No events

Dll operation events (11 events):
Event: 0.009 Loaded shared library C:\Users\mikeg\.jdks\temurin-19.0.2\bin\java.dll
Event: 0.020 Loaded shared library C:\Users\mikeg\.jdks\temurin-19.0.2\bin\jsvml.dll
Event: 0.139 Loaded shared library C:\Users\mikeg\.jdks\temurin-19.0.2\bin\zip.dll
Event: 0.144 Loaded shared library C:\Users\mikeg\.jdks\temurin-19.0.2\bin\instrument.dll
Event: 0.152 Loaded shared library C:\Users\mikeg\.jdks\temurin-19.0.2\bin\net.dll
Event: 0.154 Loaded shared library C:\Users\mikeg\.jdks\temurin-19.0.2\bin\nio.dll
Event: 0.161 Loaded shared library C:\Users\mikeg\.jdks\temurin-19.0.2\bin\zip.dll
Event: 0.236 Loaded shared library C:\Program Files\JetBrains\IntelliJ IDEA Community Edition 2023.2.3\bin\breakgen64.dll
Event: 0.246 Loaded shared library C:\Users\mikeg\.jdks\temurin-19.0.2\bin\extnet.dll
Event: 0.266 Loaded shared library C:\Users\mikeg\.jdks\temurin-19.0.2\bin\jimage.dll
Event: 0.342 Loaded shared library C:\Users\mikeg\.jdks\temurin-19.0.2\bin\verify.dll

Deoptimization events (20 events):
Event: 0.210 Thread 0x0000021338001330 DEOPT PACKING pc=0x00000213401bf767 sp=0x000000ed4b4fdea0
Event: 0.210 Thread 0x0000021338001330 DEOPT UNPACKING pc=0x000002134774b0e3 sp=0x000000ed4b4fd2c0 mode 0
Event: 0.237 Thread 0x0000021338001330 Uncommon trap: trap_request=0xffffff45 fr.pc=0x0000021347c81644 relative=0x00000000000000a4
Event: 0.237 Thread 0x0000021338001330 Uncommon trap: reason=unstable_if action=reinterpret pc=0x0000021347c81644 method=java.lang.String.isLatin1()Z @ 10 c2
Event: 0.237 Thread 0x0000021338001330 DEOPT PACKING pc=0x0000021347c81644 sp=0x000000ed4b4fefc0
Event: 0.237 Thread 0x0000021338001330 DEOPT UNPACKING pc=0x000002134774a5a3 sp=0x000000ed4b4fef00 mode 2
Event: 0.296 Thread 0x0000021338001330 Uncommon trap: trap_request=0xffffff45 fr.pc=0x0000021347c9f2d8 relative=0x0000000000000138
Event: 0.296 Thread 0x0000021338001330 Uncommon trap: reason=unstable_if action=reinterpret pc=0x0000021347c9f2d8 method=java.util.concurrent.locks.ReentrantLock$NonfairSync.initialTryLock()Z @ 10 c2
Event: 0.296 Thread 0x0000021338001330 DEOPT PACKING pc=0x0000021347c9f2d8 sp=0x000000ed4b4fe2f0
Event: 0.296 Thread 0x0000021338001330 DEOPT UNPACKING pc=0x000002134774a5a3 sp=0x000000ed4b4fe298 mode 2
Event: 0.296 Thread 0x0000021338001330 Uncommon trap: trap_request=0xffffff45 fr.pc=0x0000021347ca17dc relative=0x00000000000000bc
Event: 0.296 Thread 0x0000021338001330 Uncommon trap: reason=unstable_if action=reinterpret pc=0x0000021347ca17dc method=java.util.concurrent.locks.ReentrantLock$Sync.tryRelease(I)Z @ 26 c2
Event: 0.296 Thread 0x0000021338001330 DEOPT PACKING pc=0x0000021347ca17dc sp=0x000000ed4b4fe040
Event: 0.296 Thread 0x0000021338001330 DEOPT UNPACKING pc=0x000002134774a5a3 sp=0x000000ed4b4fdfe0 mode 2
Event: 0.306 Thread 0x0000021338001330 Uncommon trap: trap_request=0xffffff45 fr.pc=0x0000021347c95684 relative=0x0000000000000064
Event: 0.306 Thread 0x0000021338001330 Uncommon trap: reason=unstable_if action=reinterpret pc=0x0000021347c95684 method=java.io.WinNTFileSystem.isSlash(C)Z @ 9 c2
Event: 0.306 Thread 0x0000021338001330 DEOPT PACKING pc=0x0000021347c95684 sp=0x000000ed4b4fea00
Event: 0.306 Thread 0x0000021338001330 DEOPT UNPACKING pc=0x000002134774a5a3 sp=0x000000ed4b4fe988 mode 2
Event: 0.366 Thread 0x0000021338001330 DEOPT PACKING pc=0x0000021340218165 sp=0x000000ed4b4f8b50
Event: 0.366 Thread 0x0000021338001330 DEOPT UNPACKING pc=0x000002134774b0e3 sp=0x000000ed4b4f7fc8 mode 0

Classes loaded (20 events):
Event: 0.320 Loading class java/lang/AssertionError
Event: 0.320 Loading class java/lang/AssertionError done
Event: 0.322 Loading class java/util/AbstractQueue
Event: 0.322 Loading class java/util/AbstractQueue done
Event: 0.346 Loading class java/lang/ExceptionInInitializerError
Event: 0.346 Loading class java/lang/ExceptionInInitializerError done
Event: 0.369 Loading class java/lang/ThreadLocal$SuppliedThreadLocal
Event: 0.369 Loading class java/lang/ThreadLocal$SuppliedThreadLocal done
Event: 0.370 Loading class java/lang/SecurityException
Event: 0.370 Loading class java/lang/SecurityException done
Event: 0.377 Loading class java/util/concurrent/locks/ReadWriteLock
Event: 0.377 Loading class java/util/concurrent/locks/ReadWriteLock done
Event: 0.378 Loading class java/util/EventListener
Event: 0.378 Loading class java/util/EventListener done
Event: 0.378 Loading class java/lang/CloneNotSupportedException
Event: 0.378 Loading class java/lang/CloneNotSupportedException done
Event: 0.383 Loading class java/util/RegularEnumSet$EnumSetIterator
Event: 0.383 Loading class java/util/RegularEnumSet$EnumSetIterator done
Event: 0.385 Loading class java/lang/ProcessEnvironment
Event: 0.385 Loading class java/lang/ProcessEnvironment done

Classes unloaded (0 events):
No events

Classes redefined (0 events):
No events

Internal exceptions (6 events):
Event: 0.228 Thread 0x0000021338001330 Exception <a 'java/lang/NoSuchMethodError'{0x000000008b7b2730}: 'void java.lang.invoke.DirectMethodHandle$Holder.invokeStatic(java.lang.Object, java.lang.Object, java.lang.Object)'> (0x000000008b7b2730) 
thrown [s\src\hotspot\share\interpreter\linkResolver.cpp, line 774]
Event: 0.232 Thread 0x0000021338001330 Exception <a 'java/lang/NoSuchMethodError'{0x000000008b7cae18}: 'java.lang.Object java.lang.invoke.Invokers$Holder.invokeExact_MT(java.lang.Object, java.lang.Object, java.lang.Object, java.lang.Object, java.lang.Object)'> (0x000000008b7cae18) 
thrown [s\src\hotspot\share\interpreter\linkResolver.cpp, line 774]
Event: 0.248 Thread 0x000002135aef19f0 Exception <a 'java/lang/NoSuchMethodError'{0x000000008b607558}: 'void java.lang.invoke.DirectMethodHandle$Holder.invokeStatic(java.lang.Object, java.lang.Object)'> (0x000000008b607558) 
thrown [s\src\hotspot\share\interpreter\linkResolver.cpp, line 774]
Event: 0.345 Thread 0x0000021338001330 Exception <a 'java/lang/NoClassDefFoundError'{0x000000008b4fcf98}: org/slf4j/impl/StaticLoggerBinder> (0x000000008b4fcf98) 
thrown [s\src\hotspot\share\classfile\systemDictionary.cpp, line 244]
Event: 0.346 Thread 0x0000021338001330 Exception <a 'java/lang/NoClassDefFoundError'{0x000000008b4ff328}> (0x000000008b4ff328) 
thrown [s\src\hotspot\share\oops\instanceKlass.cpp, line 1168]
Event: 0.379 Thread 0x0000021338001330 Exception <a 'java/lang/NoSuchMethodError'{0x000000008b3e3f80}: 'java.lang.Object java.lang.invoke.DirectMethodHandle$Holder.invokeStaticInit(java.lang.Object)'> (0x000000008b3e3f80) 
thrown [s\src\hotspot\share\interpreter\linkResolver.cpp, line 774]

VM Operations (6 events):
Event: 0.123 Executing VM operation: HandshakeAllThreads
Event: 0.123 Executing VM operation: HandshakeAllThreads done
Event: 0.239 Executing VM operation: HandshakeAllThreads
Event: 0.239 Executing VM operation: HandshakeAllThreads done
Event: 0.305 Executing VM operation: HandshakeAllThreads
Event: 0.306 Executing VM operation: HandshakeAllThreads done

Events (14 events):
Event: 0.020 Thread 0x0000021338001330 Thread added: 0x0000021338001330
Event: 0.033 Thread 0x00000213568d4c60 Thread added: 0x00000213568d4c60
Event: 0.034 Thread 0x00000213568d59f0 Thread added: 0x00000213568d59f0
Event: 0.034 Thread 0x00000213568d8be0 Thread added: 0x00000213568d8be0
Event: 0.034 Thread 0x00000213568da610 Thread added: 0x00000213568da610
Event: 0.034 Thread 0x00000213568db1d0 Thread added: 0x00000213568db1d0
Event: 0.034 Thread 0x00000213568dbbf0 Thread added: 0x00000213568dbbf0
Event: 0.034 Thread 0x00000213568dc940 Thread added: 0x00000213568dc940
Event: 0.035 Thread 0x00000213568fd320 Thread added: 0x00000213568fd320
Event: 0.035 Thread 0x00000213569098c0 Thread added: 0x00000213569098c0
Event: 0.114 Thread 0x00000213568a7740 Thread added: 0x00000213568a7740
Event: 0.190 Thread 0x000002135ae0a930 Thread added: 0x000002135ae0a930
Event: 0.236 Thread 0x000002135aef19f0 Thread added: 0x000002135aef19f0
Event: 0.236 Thread 0x000002135aff1e80 Thread added: 0x000002135aff1e80


Dynamic libraries:
0x00007ff7f48e0000 - 0x00007ff7f48ee000 	C:\Users\mikeg\.jdks\temurin-19.0.2\bin\java.exe
0x00007ff8a1450000 - 0x00007ff8a1667000 	C:\WINDOWS\SYSTEM32\ntdll.dll
0x00007ff8a0860000 - 0x00007ff8a0924000 	C:\WINDOWS\System32\KERNEL32.DLL
0x00007ff89ebe0000 - 0x00007ff89ef8d000 	C:\WINDOWS\System32\KERNELBASE.dll
0x00007ff89eff0000 - 0x00007ff89f101000 	C:\WINDOWS\System32\ucrtbase.dll
0x00007ff875530000 - 0x00007ff875549000 	C:\Users\mikeg\.jdks\temurin-19.0.2\bin\VCRUNTIME140.dll
0x00007ff875930000 - 0x00007ff875947000 	C:\Users\mikeg\.jdks\temurin-19.0.2\bin\jli.dll
0x00007ff8a0e10000 - 0x00007ff8a0fbe000 	C:\WINDOWS\System32\USER32.dll
0x00007ff89ef90000 - 0x00007ff89efb6000 	C:\WINDOWS\System32\win32u.dll
0x00007ff884b60000 - 0x00007ff884df3000 	C:\WINDOWS\WinSxS\amd64_microsoft.windows.common-controls_6595b64144ccf1df_6.0.22621.3672_none_2713b9d173822955\COMCTL32.dll
0x00007ff8a0260000 - 0x00007ff8a0289000 	C:\WINDOWS\System32\GDI32.dll
0x00007ff8a0d00000 - 0x00007ff8a0da7000 	C:\WINDOWS\System32\msvcrt.dll
0x00007ff89e7f0000 - 0x00007ff89e909000 	C:\WINDOWS\System32\gdi32full.dll
0x00007ff89e910000 - 0x00007ff89e9aa000 	C:\WINDOWS\System32\msvcp_win.dll
0x00007ff8a13d0000 - 0x00007ff8a1401000 	C:\WINDOWS\System32\IMM32.DLL
0x00007ff8791b0000 - 0x00007ff8791bc000 	C:\Users\mikeg\.jdks\temurin-19.0.2\bin\vcruntime140_1.dll
0x00007ff84eb00000 - 0x00007ff84eb91000 	C:\Users\mikeg\.jdks\temurin-19.0.2\bin\msvcp140.dll
0x00007ff80b400000 - 0x00007ff80c0f1000 	C:\Users\mikeg\.jdks\temurin-19.0.2\bin\server\jvm.dll
0x00007ff89fe90000 - 0x00007ff89ff42000 	C:\WINDOWS\System32\ADVAPI32.dll
0x00007ff89ff60000 - 0x00007ff8a0009000 	C:\WINDOWS\System32\sechost.dll
0x00007ff89efc0000 - 0x00007ff89efe8000 	C:\WINDOWS\System32\bcrypt.dll
0x00007ff8a0590000 - 0x00007ff8a06a4000 	C:\WINDOWS\System32\RPCRT4.dll
0x00007ff898cc0000 - 0x00007ff898cf4000 	C:\WINDOWS\SYSTEM32\WINMM.dll
0x00007ff85abf0000 - 0x00007ff85abf9000 	C:\WINDOWS\SYSTEM32\WSOCK32.dll
0x00007ff8a0c80000 - 0x00007ff8a0cf1000 	C:\WINDOWS\System32\WS2_32.dll
0x00007ff88baa0000 - 0x00007ff88baaa000 	C:\WINDOWS\SYSTEM32\VERSION.dll
0x00007ff89d770000 - 0x00007ff89d788000 	C:\WINDOWS\SYSTEM32\kernel.appcore.dll
0x00007ff877530000 - 0x00007ff87753a000 	C:\Users\mikeg\.jdks\temurin-19.0.2\bin\jimage.dll
0x00007ff89c040000 - 0x00007ff89c272000 	C:\WINDOWS\SYSTEM32\DBGHELP.DLL
0x00007ff8a1040000 - 0x00007ff8a13cd000 	C:\WINDOWS\System32\combase.dll
0x00007ff8a0290000 - 0x00007ff8a0367000 	C:\WINDOWS\System32\OLEAUT32.dll
0x00007ff898c80000 - 0x00007ff898cb2000 	C:\WINDOWS\SYSTEM32\dbgcore.DLL
0x00007ff89e770000 - 0x00007ff89e7eb000 	C:\WINDOWS\System32\bcryptPrimitives.dll
0x00007ff8978d0000 - 0x00007ff8978de000 	C:\Users\mikeg\.jdks\temurin-19.0.2\bin\instrument.dll
0x00007ff8621d0000 - 0x00007ff8621f6000 	C:\Users\mikeg\.jdks\temurin-19.0.2\bin\java.dll
0x00007ff84c800000 - 0x00007ff84c8d6000 	C:\Users\mikeg\.jdks\temurin-19.0.2\bin\jsvml.dll
0x00007ff89f180000 - 0x00007ff89f9e8000 	C:\WINDOWS\System32\SHELL32.dll
0x00007ff89c670000 - 0x00007ff89cf6e000 	C:\WINDOWS\SYSTEM32\windows.storage.dll
0x00007ff89c530000 - 0x00007ff89c66f000 	C:\WINDOWS\SYSTEM32\wintypes.dll
0x00007ff8a0930000 - 0x00007ff8a0a29000 	C:\WINDOWS\System32\SHCORE.dll
0x00007ff8a0c00000 - 0x00007ff8a0c5e000 	C:\WINDOWS\System32\shlwapi.dll
0x00007ff89e6a0000 - 0x00007ff89e6c1000 	C:\WINDOWS\SYSTEM32\profapi.dll
0x00007ff860b20000 - 0x00007ff860b38000 	C:\Users\mikeg\.jdks\temurin-19.0.2\bin\zip.dll
0x00007ff874860000 - 0x00007ff874873000 	C:\Users\mikeg\.jdks\temurin-19.0.2\bin\net.dll
0x00007ff8940a0000 - 0x00007ff8941d6000 	C:\WINDOWS\SYSTEM32\WINHTTP.dll
0x00007ff89dbe0000 - 0x00007ff89dc49000 	C:\WINDOWS\system32\mswsock.dll
0x00007ff8624c0000 - 0x00007ff8624d6000 	C:\Users\mikeg\.jdks\temurin-19.0.2\bin\nio.dll
0x00007ff87b470000 - 0x00007ff87b48a000 	C:\Program Files\JetBrains\IntelliJ IDEA Community Edition 2023.2.3\bin\breakgen64.dll
0x00007ff875920000 - 0x00007ff875928000 	C:\Users\mikeg\.jdks\temurin-19.0.2\bin\extnet.dll
0x00007ff862540000 - 0x00007ff862550000 	C:\Users\mikeg\.jdks\temurin-19.0.2\bin\verify.dll

dbghelp: loaded successfully - version: 4.0.5 - missing functions: none
symbol engine: initialized successfully - sym options: 0x614 - pdb path: .;C:\Users\mikeg\.jdks\temurin-19.0.2\bin;C:\WINDOWS\SYSTEM32;C:\WINDOWS\WinSxS\amd64_microsoft.windows.common-controls_6595b64144ccf1df_6.0.22621.3672_none_2713b9d173822955;C:\Users\mikeg\.jdks\temurin-19.0.2\bin\server;C:\Program Files\JetBrains\IntelliJ IDEA Community Edition 2023.2.3\bin

VM Arguments:
jvm_args: -javaagent:C:\Program Files\JetBrains\IntelliJ IDEA Community Edition 2023.2.3\lib\idea_rt.jar=63697:C:\Program Files\JetBrains\IntelliJ IDEA Community Edition 2023.2.3\bin -Dfile.encoding=UTF-8 -Dsun.stdout.encoding=UTF-8 -Dsun.stderr.encoding=UTF-8 
java_command: com.highman.GameManagementServiceServer
java_class_path (initial): D:\Projects\ClassProject-Microservice\Build-D-An-Ki-n-Truc\game-management-service\target\classes;C:\Users\mikeg\.m2\repository\io\grpc\grpc-netty\1.65.0\grpc-netty-1.65.0.jar;C:\Users\mikeg\.m2\repository\io\grpc\grpc-api\1.65.0\grpc-api-1.65.0.jar;C:\Users\mikeg\.m2\repository\io\netty\netty-codec-http2\4.1.100.Final\netty-codec-http2-4.1.100.Final.jar;C:\Users\mikeg\.m2\repository\io\netty\netty-common\4.1.100.Final\netty-common-4.1.100.Final.jar;C:\Users\mikeg\.m2\repository\io\netty\netty-buffer\4.1.100.Final\netty-buffer-4.1.100.Final.jar;C:\Users\mikeg\.m2\repository\io\netty\netty-transport\4.1.100.Final\netty-transport-4.1.100.Final.jar;C:\Users\mikeg\.m2\repository\io\netty\netty-resolver\4.1.100.Final\netty-resolver-4.1.100.Final.jar;C:\Users\mikeg\.m2\repository\io\netty\netty-codec\4.1.100.Final\netty-codec-4.1.100.Final.jar;C:\Users\mikeg\.m2\repository\io\netty\netty-handler\4.1.100.Final\netty-handler-4.1.100.Final.jar;C:\Users\mikeg\.m2\repository\io\netty\netty-codec-http\4.1.100.Final\netty-codec-http-4.1.100.Final.jar;C:\Users\mikeg\.m2\repository\io\grpc\grpc-core\1.65.0\grpc-core-1.65.0.jar;C:\Users\mikeg\.m2\repository\com\google\android\annotations\4.1.1.4\annotations-4.1.1.4.jar;C:\Users\mikeg\.m2\repository\org\codehaus\mojo\animal-sniffer-annotations\1.23\animal-sniffer-annotations-1.23.jar;C:\Users\mikeg\.m2\repository\io\grpc\grpc-context\1.65.0\grpc-context-1.65.0.jar;C:\Users\mikeg\.m2\repository\io\netty\netty-handler-proxy\4.1.100.Final\netty-handler-proxy-4.1.100.Final.jar;C:\Users\mikeg\.m2\repository\io\netty\netty-codec-socks\4.1.100.Final\netty-codec-socks-4.1.100.Final.jar;C:\Users\mikeg\.m2\repository\com\google\guava\guava\32.1.3-android\guava-32.1.3-android.jar;C:\Users\mikeg\.m2\repository\com\google\guava\listenablefuture\9999.0-empty-to-avoid-conflict-with-guava\listenablefuture-9999.0-empty-to-avoid-conflict-with-guava.jar;C:\Users\mikeg\.m2\repository\org\checkerframework\checker-qual\3.37.0\checker-qual-3.37.0.jar;C:\Users\mikeg\.m2\repository\com\google\errorprone\error_prone_annotations\2.23.0\error_prone_annotations-2.23.0.jar;C:\Users\mikeg\.m2\repository\io\perfmark\perfmark-api\0.26.0\perfmark-api-0.26.0.jar;C:\Users\mikeg\.m2\repository\io\netty\netty-transport-native-unix-common\4.1.100.Final\netty-transport-native-unix-common-4.1.100.Final.jar;C:\Users\mikeg\.m2\repository\io\grpc\grpc-util\1.65.0\grpc-util-1.65.0.jar;C:\Users\mikeg\.m2\repository\io\grpc\grpc-protobuf\1.65.0\grpc-protobuf-1.65.0.jar;C:\Users\mikeg\.m2\repository\com\google\code\findbugs\jsr305\3.0.2\jsr305-3.0.2.jar;C:\Users\mikeg\.m2\repository\com\google\api\grpc\proto-google-common-protos\2.29.0\proto-google-common-protos-2.29.0.jar;C:\Users\mikeg\.m2\repository\io\grpc\grpc-protobuf-lite\1.65.0\grpc-protobuf-lite-1.65.0.jar;C:\Users\mikeg\.m2\repository\io\grpc\grpc-stub\1.65.0\grpc-stub-1.65.0.jar;C:\Users\mikeg\.m2\repository\com\google\protobuf\protobuf-java\4.27.2\protobuf-java-4.27.2.jar;C:\Users\mikeg\.m2\repository\javax\annotation\javax.annotation-api\1.3.2\javax.annotation-api-1.3.2.jar;C:\Users\mikeg\.m2\repository\org\apache\logging\log4j\log4j-core\2.23.1\log4j-core-2.23.1.jar;C:\Users\mikeg\.m2\repository\org\apache\logging\log4j\log4j-api\2.23.1\log4j-api-2.23.1.jar;C:\Users\mikeg\.m2\repository\org\apache\commons\commons-dbcp2\2.11.0\commons-dbcp2-2.11.0.jar;C:\Users\mikeg\.m2\repository\org\apache\commons\commons-pool2\2.12.0\commons-pool2-2.12.0.jar;C:\Users\mikeg\.m2\repository\commons-logging\commons-logging\1.2\commons-logging-1.2.jar;C:\Users\mikeg\.m2\repository\jakarta\transaction\jakarta.transaction-api\1.3.3\jakarta.transaction-api-1.3.3.jar;C:\Users\mikeg\.m2\repository\org\mongodb\mongodb-driver-reactivestreams\5.1.2\mongodb-driver-reactivestreams-5.1.2.jar;C:\Users\mikeg\.m2\repository\org\mongodb\bson\5.1.2\bson-5.1.2.jar;C:\Users\mikeg\.m2\repository\org\mongodb\mongodb-driver-core\5.1.2\mongodb-driver-core-5.1.2.jar;C:\Users\mikeg\.m2\repository\org\mongodb\bson-record-codec\5.1.2\bson-record-codec-5.1.2.jar;C:\Users\mikeg\.m2\repository\org\reactivestreams\reactive-streams\1.0.4\reactive-streams-1.0.4.jar;C:\Users\mikeg\.m2\repository\io\projectreactor\reactor-core\3.6.8\reactor-core-3.6.8.jar;C:\Users\mikeg\.m2\repository\org\reflections\reflections\0.9.12\reflections-0.9.12.jar;C:\Users\mikeg\.m2\repository\org\javassist\javassist\3.26.0-GA\javassist-3.26.0-GA.jar;C:\Users\mikeg\.m2\repository\io\nats\jnats\2.19.1\jnats-2.19.1.jar;C:\Users\mikeg\.m2\repository\net\i2p\crypto\eddsa\0.3.0\eddsa-0.3.0.jar;C:\Users\mikeg\.m2\repository\com\google\code\gson\gson\2.8.9\gson-2.8.9.jar;C:\Users\mikeg\.m2\repository\io\prometheus\simpleclient\0.14.1\simpleclient-0.14.1.jar;C:\Users\mikeg\.m2\repository\io\prometheus\simpleclient_tracer_otel\0.14.1\simpleclient_tracer_otel-0.14.1.jar;C:\Users\mikeg\.m2\repository\io\prometheus\simpleclient_tracer_common\0.14.1\simpleclient_tracer_common-0.14.1.jar;C:\Users\mikeg\.m2\repository\io\prometheus\simpleclient_tracer_otel_agent\0.14.1\simpleclient_tracer_otel_agent-0.14.1.jar;C:\Users\mikeg\.m2\repository\io\prometheus\simpleclient_common\0.14.1\simpleclient_common-0.14.1.jar;C:\Users\mikeg\.m2\repository\io\prometheus\simpleclient_hotspot\0.14.1\simpleclient_hotspot-0.14.1.jar;C:\Users\mikeg\.m2\repository\io\prometheus\simpleclient_httpserver\0.14.1\simpleclient_httpserver-0.14.1.jar;C:\Users\mikeg\.m2\repository\me\dinowernli\java-grpc-prometheus\0.6.0\java-grpc-prometheus-0.6.0.jar;C:\Users\mikeg\.m2\repository\com\google\guava\failureaccess\1.0.1\failureaccess-1.0.1.jar;C:\Users\mikeg\.m2\repository\com\google\j2objc\j2objc-annotations\1.3\j2objc-annotations-1.3.jar;C:\Users\mikeg\.m2\repository\org\quartz-scheduler\quartz\2.3.2\quartz-2.3.2.jar;C:\Users\mikeg\.m2\repository\com\mchange\c3p0\0.9.5.4\c3p0-0.9.5.4.jar;C:\Users\mikeg\.m2\repository\com\mchange\mchange-commons-java\0.2.15\mchange-commons-java-0.2.15.jar;C:\Users\mikeg\.m2\repository\com\zaxxer\HikariCP-java7\2.4.13\HikariCP-java7-2.4.13.jar;C:\Users\mikeg\.m2\repository\org\slf4j\slf4j-api\1.7.7\slf4j-api-1.7.7.jar
Launcher Type: SUN_STANDARD

[Global flags]
     intx CICompilerCount                          = 4                                         {product} {ergonomic}
     uint ConcGCThreads                            = 2                                         {product} {ergonomic}
     uint G1ConcRefinementThreads                  = 8                                         {product} {ergonomic}
   size_t G1HeapRegionSize                         = 1048576                                   {product} {ergonomic}
    uintx GCDrainStackTargetSize                   = 64                                        {product} {ergonomic}
   size_t InitialHeapSize                          = 130023424                                 {product} {ergonomic}
   size_t MarkStackSize                            = 4194304                                   {product} {ergonomic}
   size_t MaxHeapSize                              = 2080374784                                {product} {ergonomic}
   size_t MaxNewSize                               = 1247805440                                {product} {ergonomic}
   size_t MinHeapDeltaBytes                        = 1048576                                   {product} {ergonomic}
   size_t MinHeapSize                              = 8388608                                   {product} {ergonomic}
    uintx NonNMethodCodeHeapSize                   = 5839372                                {pd product} {ergonomic}
    uintx NonProfiledCodeHeapSize                  = 122909434                              {pd product} {ergonomic}
    uintx ProfiledCodeHeapSize                     = 122909434                              {pd product} {ergonomic}
    uintx ReservedCodeCacheSize                    = 251658240                              {pd product} {ergonomic}
     bool SegmentedCodeCache                       = true                                      {product} {ergonomic}
   size_t SoftMaxHeapSize                          = 2080374784                             {manageable} {ergonomic}
     bool UseCompressedClassPointers               = true                           {product lp64_product} {ergonomic}
     bool UseCompressedOops                        = true                           {product lp64_product} {ergonomic}
     bool UseG1GC                                  = true                                      {product} {ergonomic}
     bool UseLargePagesIndividualAllocation        = false                                  {pd product} {ergonomic}

Logging:
Log output configuration:
 #0: stdout all=warning uptime,level,tags foldmultilines=false
 #1: stderr all=off uptime,level,tags foldmultilines=false

Environment Variables:
PATH=C:\Program Files\Python312\Scripts\;C:\Program Files\Python312\;C:\Program Files\Common Files\Oracle\Java\javapath;C:\WINDOWS\system32;C:\WINDOWS;C:\WINDOWS\System32\Wbem;C:\WINDOWS\System32\WindowsPowerShell\v1.0\;C:\WINDOWS\System32\OpenSSH\;C:\Program Files\Git\cmd;C:\MinGW\bin;C:\Program Files\dotnet\;C:\Program Files\PuTTY\;C:\Program Files\MySQL\MySQL Router 8.2\bin;C:\Program Files\Cloudflare\Cloudflare WARP\;C:\Program Files\nodejs\;C:\Program Files\Java\jdk-19\bin\;C:\Program Files\Docker\Docker\resources\bin;C:\Program Files\GitHub CLI\;D:\Software\Maven\apache-maven-3.9.8-bin\apache-maven-3.9.8\bin;C:\Program Files\MySQL\MySQL Shell 8.0\bin\;C:\Users\mikeg\AppData\Local\Microsoft\WindowsApps;C:\Users\mikeg\AppData\Local\Programs\Microsoft VS Code\bin;C:\Program Files (x86)\Nmap;D:\Software\Flutter\installdir\flutter\bin;C:\Users\mikeg\AppData\Local\Android\Sdk\platform-tools;C:\Users\mikeg\AppData\Local\Pub\Cache\bin;C:\Program Files\JetBrains\IntelliJ IDEA Community Edition 2023.2.3\bin;;C:\Users\mikeg\AppData\Local\Google\Cloud SDK\google-cloud-sdk\bin;C:\Users\mikeg\AppData\Roaming\npm;C:\Program Files\mitmproxy\bin;C:\Users\mikeg\.jdks\temurin-19.0.2\bin;
USERNAME=mikeg
OS=Windows_NT
PROCESSOR_IDENTIFIER=Intel64 Family 6 Model 140 Stepping 2, GenuineIntel
TMP=C:\Users\mikeg\AppData\Local\Temp
TEMP=C:\Users\mikeg\AppData\Local\Temp



---------------  S Y S T E M  ---------------

OS:
 Windows 11 , 64 bit Build 22621 (10.0.22621.3958)
OS uptime: 0 days 5:28 hours
Hyper-V role detected

CPU: total 8 (initial active 8) (4 cores per cpu, 2 threads per core) family 6 model 140 stepping 2 microcode 0x16, cx8, cmov, fxsr, ht, mmx, 3dnowpref, sse, sse2, sse3, ssse3, sse4.1, sse4.2, popcnt, lzcnt, tsc, tscinvbit, avx, avx2, aes, erms, clmul, bmi1, bmi2, adx, avx512f, avx512dq, avx512cd, avx512bw, avx512vl, sha, fma, vzeroupper, avx512_vpopcntdq, avx512_vpclmulqdq, avx512_vaes, avx512_vnni, clflush, clflushopt, clwb, avx512_vbmi2, avx512_vbmi, hv, rdtscp, rdpid, fsrm, gfni, avx512_bitalg

Memory: 4k page, system-wide physical 7930M (750M free)
TotalPageFile size 21624M (AvailPageFile size 2M)
current process WorkingSet (physical memory assigned to process): 51M, peak: 51M
current process commit charge ("private bytes"): 215M, peak: 215M

vm_info: OpenJDK 64-Bit Server VM (19.0.2+7) for windows-amd64 JRE (19.0.2+7), built on 2023-01-17T00:00:00Z by "temurin" with MS VC++ 16.7 (VS2019)

END.
